d:\我的文档\visual studio 2015\projects\bitprograming\bitprograming\debug\vc140.pdb
d:\我的文档\visual studio 2015\projects\bitprograming\bitprograming\debug\vc140.idb
d:\我的文档\visual studio 2015\projects\bitprograming\bitprograming\debug\油井问题.obj
d:\我的文档\visual studio 2015\projects\bitprograming\bitprograming\debug\curling.obj
d:\我的文档\visual studio 2015\projects\bitprograming\bitprograming\debug\test.obj
d:\我的文档\visual studio 2015\projects\bitprograming\bitprograming\debug\今年暑假不ac.obj
d:\我的文档\visual studio 2015\projects\bitprograming\bitprograming\debug\鸡贼的老鼠.obj
d:\我的文档\visual studio 2015\projects\bitprograming\bitprograming\debug\合并果子.obj
d:\我的文档\visual studio 2015\projects\bitprograming\bitprograming\debug\robberies.obj
d:\我的文档\visual studio 2015\projects\bitprograming\bitprograming\debug\best cow line.obj
d:\我的文档\visual studio 2015\projects\bitprograming\bitprograming\debug\saruman's army.obj
d:\我的文档\visual studio 2015\projects\bitprograming\bitprograming\debug\aggressive cows.obj
d:\我的文档\visual studio 2015\projects\bitprograming\bitprograming\debug\expanding rods.obj
d:\我的文档\visual studio 2015\projects\bitprograming\bitprograming\debug\error curves.obj
d:\我的文档\visual studio 2015\projects\bitprograming\bitprograming\debug\duathlon.obj
d:\我的文档\visual studio 2015\projects\bitprograming\bitprograming\debug\carmichael numbers.obj
d:\我的文档\visual studio 2015\projects\bitprograming\bitprograming\debug\斐波那契数列.obj
d:\我的文档\visual studio 2015\projects\bitprograming\bitprograming\debug\matrix power series.obj
d:\我的文档\visual studio 2015\projects\bitprograming\bitprograming\debug\233 matrix.obj
d:\我的文档\visual studio 2015\projects\bitprograming\bitprograming\debug\a - 基础最短路.obj
d:\我的文档\visual studio 2015\projects\bitprograming\bitprograming\debug\b 基础最短路.obj
d:\我的文档\visual studio 2015\projects\bitprograming\bitprograming\debug\最短路(注意建图).obj
d:\我的文档\visual studio 2015\projects\bitprograming\bitprograming\debug\最短路（负权处理）.obj
d:\我的文档\visual studio 2015\projects\bitprograming\bitprograming\debug\g - 基础最短路.obj
d:\我的文档\visual studio 2015\projects\bitprograming\bitprograming\debug\h - 基础最短路.obj
d:\我的文档\visual studio 2015\projects\bitprograming\bitprograming\debug\ubiquitous religions.obj
d:\我的文档\visual studio 2015\projects\bitprograming\bitprograming\debug\食物链.obj
d:\我的文档\visual studio 2015\projects\bitprograming\bitprograming\debug\the suspects.obj
d:\我的文档\visual studio 2015\projects\bitprograming\bitprograming\debug\find them, catch them.obj
d:\我的文档\visual studio 2015\projects\bitprograming\bitprograming\debug\banana.obj
d:\我的文档\visual studio 2015\projects\bitprograming\bitprograming\debug\快速幂算法.obj
d:\我的文档\visual studio 2015\projects\bitprograming\bitprograming\debug\a - 拯救fish.obj
d:\我的文档\visual studio 2015\projects\bitprograming\bitprograming\debug\hdu2102 a计划.obj
d:\我的文档\visual studio 2015\projects\bitprograming\debug\bitprograming.ilk
d:\我的文档\visual studio 2015\projects\bitprograming\debug\bitprograming.exe
d:\我的文档\visual studio 2015\projects\bitprograming\debug\bitprograming.pdb
d:\我的文档\visual studio 2015\projects\bitprograming\bitprograming\debug\a - 基础最短路.new.obj.enc
d:\我的文档\visual studio 2015\projects\bitprograming\bitprograming\debug\a - 基础最短路.obj.enc
d:\我的文档\visual studio 2015\projects\bitprograming\bitprograming\debug\a - 拯救fish.new.obj.enc
d:\我的文档\visual studio 2015\projects\bitprograming\bitprograming\debug\a - 拯救fish.obj.enc
d:\我的文档\visual studio 2015\projects\bitprograming\bitprograming\debug\b 基础最短路.new.obj.enc
d:\我的文档\visual studio 2015\projects\bitprograming\bitprograming\debug\b 基础最短路.obj.enc
d:\我的文档\visual studio 2015\projects\bitprograming\bitprograming\debug\banana.new.obj.enc
d:\我的文档\visual studio 2015\projects\bitprograming\bitprograming\debug\banana.obj.enc
d:\我的文档\visual studio 2015\projects\bitprograming\bitprograming\debug\g - 基础最短路.new.obj.enc
d:\我的文档\visual studio 2015\projects\bitprograming\bitprograming\debug\g - 基础最短路.obj.enc
d:\我的文档\visual studio 2015\projects\bitprograming\bitprograming\debug\bitprograming.tlog\cl.command.1.tlog
d:\我的文档\visual studio 2015\projects\bitprograming\bitprograming\debug\bitprograming.tlog\cl.read.1.tlog
d:\我的文档\visual studio 2015\projects\bitprograming\bitprograming\debug\bitprograming.tlog\cl.write.1.tlog
d:\我的文档\visual studio 2015\projects\bitprograming\bitprograming\debug\bitprograming.tlog\link.command.1.tlog
d:\我的文档\visual studio 2015\projects\bitprograming\bitprograming\debug\bitprograming.tlog\link.read.1.tlog
d:\我的文档\visual studio 2015\projects\bitprograming\bitprograming\debug\bitprograming.tlog\link.write.1.tlog
